<?xml version="1.0" encoding="UTF-8" ?>
<testsuites disabled="0" errors="0" failures="0" tests="5" time="6.124">
 <testsuite name="Kulak Project Mainpage Test" timestamp="2021-09-08T22:36:19" hostname="localhost" time="6.124" errors="0" tests="5" skipped="0" disabled="0" failures="0">
  <testcase classname="Kulak Project Mainpage Test" name="List length after add" time="1.042" />
  <testcase classname="Kulak Project Mainpage Test" name="Check data after add" time="0.948" />
  <testcase classname="Kulak Project Mainpage Test" name="Checks station quantity" time="2.603" />
  <testcase classname="Kulak Project Mainpage Test" name="Checks if form button enabled" time="0.841" />
  <testcase classname="Kulak Project Mainpage Test" name="Checks if form button disabled" time="0.673" />
 </testsuite>
</testsuites>